# JRE version: Java(TM) SE Runtime Environment (8.0_201-b09) (build 1.8.0_201-b09)
# Java VM: Java HotSpot(TM) 64-Bit Server VM (25.201-b09 mixed mode windows-amd64 compressed oops)
Heap:
 PSYoungGen      total 159232K, used 94372K [0x00000000e0900000, 0x00000000eb800000, 0x0000000100000000)
  eden space 152576K, 61% used [0x00000000e0900000,0x00000000e6529380,0x00000000e9e00000)
  from space 6656K, 0% used [0x00000000eb180000,0x00000000eb180000,0x00000000eb800000)
  to   space 13312K, 0% used [0x00000000e9e00000,0x00000000e9e00000,0x00000000eab00000)
 ParOldGen       total 73216K, used 13957K [0x00000000a1a00000, 0x00000000a6180000, 0x00000000e0900000)
  object space 73216K, 19% used [0x00000000a1a00000,0x00000000a27a1540,0x00000000a6180000)
 Metaspace       used 38370K, capacity 40252K, committed 40664K, reserved 1085440K
  class space    used 5107K, capacity 5473K, committed 5592K, reserved 1048576K
GC Heap History (10 events):
Event: 542.580 GC heap before
{Heap before GC invocations=10 (full 1):
 PSYoungGen      total 140800K, used 140768K [0x00000000e0900000, 0x00000000eb780000, 0x0000000100000000)
  eden space 130048K, 100% used [0x00000000e0900000,0x00000000e8800000,0x00000000e8800000)
  from space 10752K, 99% used [0x00000000e9600000,0x00000000ea078070,0x00000000ea080000)
  to   space 14336K, 0% used [0x00000000e8800000,0x00000000e8800000,0x00000000e9600000)
 ParOldGen       total 41984K, used 13871K [0x00000000a1a00000, 0x00000000a4300000, 0x00000000e0900000)
  object space 41984K, 33% used [0x00000000a1a00000,0x00000000a278be50,0x00000000a4300000)
 Metaspace       used 33027K, capacity 34944K, committed 35072K, reserved 1079296K
  class space    used 4490K, capacity 4843K, committed 4864K, reserved 1048576K
Event: 543.250 GC heap after
Heap after GC invocations=10 (full 1):
 PSYoungGen      total 144384K, used 8928K [0x00000000e0900000, 0x00000000ecb80000, 0x0000000100000000)
  eden space 130048K, 0% used [0x00000000e0900000,0x00000000e0900000,0x00000000e8800000)
  from space 14336K, 62% used [0x00000000e8800000,0x00000000e90b8050,0x00000000e9600000)
  to   space 14336K, 0% used [0x00000000ebd80000,0x00000000ebd80000,0x00000000ecb80000)
 ParOldGen       total 41984K, used 15687K [0x00000000a1a00000, 0x00000000a4300000, 0x00000000e0900000)
  object space 41984K, 37% used [0x00000000a1a00000,0x00000000a2951e70,0x00000000a4300000)
 Metaspace       used 33027K, capacity 34944K, committed 35072K, reserved 1079296K
  class space    used 4490K, capacity 4843K, committed 4864K, reserved 1048576K
}
Event: 1126.736 GC heap before
{Heap before GC invocations=11 (full 1):
 PSYoungGen      total 144384K, used 138976K [0x00000000e0900000, 0x00000000ecb80000, 0x0000000100000000)
  eden space 130048K, 100% used [0x00000000e0900000,0x00000000e8800000,0x00000000e8800000)
  from space 14336K, 62% used [0x00000000e8800000,0x00000000e90b8050,0x00000000e9600000)
  to   space 14336K, 0% used [0x00000000ebd80000,0x00000000ebd80000,0x00000000ecb80000)
 ParOldGen       total 41984K, used 15687K [0x00000000a1a00000, 0x00000000a4300000, 0x00000000e0900000)
  object space 41984K, 37% used [0x00000000a1a00000,0x00000000a2951e70,0x00000000a4300000)
 Metaspace       used 33027K, capacity 34944K, committed 35072K, reserved 1079296K
  class space    used 4490K, capacity 4843K, committed 4864K, reserved 1048576K
Event: 1126.833 GC heap after
Heap after GC invocations=11 (full 1):
 PSYoungGen      total 173568K, used 5024K [0x00000000e0900000, 0x00000000ec580000, 0x0000000100000000)
  eden space 165376K, 0% used [0x00000000e0900000,0x00000000e0900000,0x00000000eaa80000)
  from space 8192K, 61% used [0x00000000ebd80000,0x00000000ec268030,0x00000000ec580000)
  to   space 13824K, 0% used [0x00000000eaa80000,0x00000000eaa80000,0x00000000eb800000)
 ParOldGen       total 41984K, used 19591K [0x00000000a1a00000, 0x00000000a4300000, 0x00000000e0900000)
  object space 41984K, 46% used [0x00000000a1a00000,0x00000000a2d21ee0,0x00000000a4300000)
 Metaspace       used 33027K, capacity 34944K, committed 35072K, reserved 1079296K
  class space    used 4490K, capacity 4843K, committed 4864K, reserved 1048576K
}
Event: 1877.082 GC heap before
{Heap before GC invocations=12 (full 1):
 PSYoungGen      total 173568K, used 170400K [0x00000000e0900000, 0x00000000ec580000, 0x0000000100000000)
  eden space 165376K, 100% used [0x00000000e0900000,0x00000000eaa80000,0x00000000eaa80000)
  from space 8192K, 61% used [0x00000000ebd80000,0x00000000ec268030,0x00000000ec580000)
  to   space 13824K, 0% used [0x00000000eaa80000,0x00000000eaa80000,0x00000000eb800000)
 ParOldGen       total 41984K, used 19591K [0x00000000a1a00000, 0x00000000a4300000, 0x00000000e0900000)
  object space 41984K, 46% used [0x00000000a1a00000,0x00000000a2d21ee0,0x00000000a4300000)
 Metaspace       used 33027K, capacity 34944K, committed 35072K, reserved 1079296K
  class space    used 4490K, capacity 4843K, committed 4864K, reserved 1048576K
Event: 1877.123 GC heap after
Heap after GC invocations=12 (full 1):
 PSYoungGen      total 163840K, used 5024K [0x00000000e0900000, 0x00000000ebf00000, 0x0000000100000000)
  eden space 158720K, 0% used [0x00000000e0900000,0x00000000e0900000,0x00000000ea400000)
  from space 5120K, 98% used [0x00000000eaa80000,0x00000000eaf68030,0x00000000eaf80000)
  to   space 13824K, 0% used [0x00000000eb180000,0x00000000eb180000,0x00000000ebf00000)
 ParOldGen       total 41984K, used 19591K [0x00000000a1a00000, 0x00000000a4300000, 0x00000000e0900000)
  object space 41984K, 46% used [0x00000000a1a00000,0x00000000a2d21ee0,0x00000000a4300000)
 Metaspace       used 33027K, capacity 34944K, committed 35072K, reserved 1079296K
  class space    used 4490K, capacity 4843K, committed 4864K, reserved 1048576K
}
Event: 2284.573 GC heap before
{Heap before GC invocations=13 (full 1):
 PSYoungGen      total 163840K, used 98878K [0x00000000e0900000, 0x00000000ebf00000, 0x0000000100000000)
  eden space 158720K, 59% used [0x00000000e0900000,0x00000000e64a78d0,0x00000000ea400000)
  from space 5120K, 98% used [0x00000000eaa80000,0x00000000eaf68030,0x00000000eaf80000)
  to   space 13824K, 0% used [0x00000000eb180000,0x00000000eb180000,0x00000000ebf00000)
 ParOldGen       total 41984K, used 19591K [0x00000000a1a00000, 0x00000000a4300000, 0x00000000e0900000)
  object space 41984K, 46% used [0x00000000a1a00000,0x00000000a2d21ee0,0x00000000a4300000)
 Metaspace       used 33409K, capacity 35328K, committed 35416K, reserved 1079296K
  class space    used 4534K, capacity 4907K, committed 4952K, reserved 1048576K
Event: 2284.723 GC heap after
Heap after GC invocations=13 (full 1):
 PSYoungGen      total 159232K, used 4688K [0x00000000e0900000, 0x00000000eb800000, 0x0000000100000000)
  eden space 152576K, 0% used [0x00000000e0900000,0x00000000e0900000,0x00000000e9e00000)
  from space 6656K, 70% used [0x00000000eb180000,0x00000000eb614320,0x00000000eb800000)
  to   space 13312K, 0% used [0x00000000e9e00000,0x00000000e9e00000,0x00000000eab00000)
 ParOldGen       total 41984K, used 19599K [0x00000000a1a00000, 0x00000000a4300000, 0x00000000e0900000)
  object space 41984K, 46% used [0x00000000a1a00000,0x00000000a2d23ee0,0x00000000a4300000)
 Metaspace       used 33409K, capacity 35328K, committed 35416K, reserved 1079296K
  class space    used 4534K, capacity 4907K, committed 4952K, reserved 1048576K
}
Event: 2284.802 GC heap before
{Heap before GC invocations=14 (full 2):
 PSYoungGen      total 159232K, used 4688K [0x00000000e0900000, 0x00000000eb800000, 0x0000000100000000)
  eden space 152576K, 0% used [0x00000000e0900000,0x00000000e0900000,0x00000000e9e00000)
  from space 6656K, 70% used [0x00000000eb180000,0x00000000eb614320,0x00000000eb800000)
  to   space 13312K, 0% used [0x00000000e9e00000,0x00000000e9e00000,0x00000000eab00000)
 ParOldGen       total 41984K, used 19599K [0x00000000a1a00000, 0x00000000a4300000, 0x00000000e0900000)
  object space 41984K, 46% used [0x00000000a1a00000,0x00000000a2d23ee0,0x00000000a4300000)
 Metaspace       used 33409K, capacity 35328K, committed 35416K, reserved 1079296K
  class space    used 4534K, capacity 4907K, committed 4952K, reserved 1048576K
Event: 2313.653 GC heap after
Heap after GC invocations=14 (full 2):
 PSYoungGen      total 159232K, used 0K [0x00000000e0900000, 0x00000000eb800000, 0x0000000100000000)
  eden space 152576K, 0% used [0x00000000e0900000,0x00000000e0900000,0x00000000e9e00000)
  from space 6656K, 0% used [0x00000000eb180000,0x00000000eb180000,0x00000000eb800000)
  to   space 13312K, 0% used [0x00000000e9e00000,0x00000000e9e00000,0x00000000eab00000)
 ParOldGen       total 73216K, used 13957K [0x00000000a1a00000, 0x00000000a6180000, 0x00000000e0900000)
  object space 73216K, 19% used [0x00000000a1a00000,0x00000000a27a1540,0x00000000a6180000)
 Metaspace       used 33149K, capacity 34912K, committed 35416K, reserved 1079296K
  class space    used 4493K, capacity 4833K, committed 4952K, reserved 1048576K
}

