# JRE version: Java(TM) SE Runtime Environment (8.0_201-b09) (build 1.8.0_201-b09)
# Java VM: Java HotSpot(TM) 64-Bit Server VM (25.201-b09 mixed mode windows-amd64 compressed oops)
Heap:
 PSYoungGen      total 137728K, used 53653K [0x00000000e0900000, 0x00000000eb280000, 0x0000000100000000)
  eden space 126976K, 33% used [0x00000000e0900000,0x00000000e32ec728,0x00000000e8500000)
  from space 10752K, 99% used [0x00000000e9280000,0x00000000e9cf9070,0x00000000e9d00000)
  to   space 13824K, 0% used [0x00000000e8500000,0x00000000e8500000,0x00000000e9280000)
 ParOldGen       total 41984K, used 12736K [0x00000000a1a00000, 0x00000000a4300000, 0x00000000e0900000)
  object space 41984K, 30% used [0x00000000a1a00000,0x00000000a2670120,0x00000000a4300000)
 Metaspace       used 32578K, capacity 34450K, committed 34560K, reserved 1079296K
  class space    used 4412K, capacity 4773K, committed 4864K, reserved 1048576K
GC Heap History (10 events):
Event: 3.253 GC heap before
{Heap before GC invocations=5 (full 0):
 PSYoungGen      total 53248K, used 15161K [0x00000000e0900000, 0x00000000e4100000, 0x0000000100000000)
  eden space 49152K, 22% used [0x00000000e0900000,0x00000000e13d26f0,0x00000000e3900000)
  from space 4096K, 99% used [0x00000000e3d00000,0x00000000e40fc010,0x00000000e4100000)
  to   space 4096K, 0% used [0x00000000e3900000,0x00000000e3900000,0x00000000e3d00000)
 ParOldGen       total 65536K, used 7109K [0x00000000a1a00000, 0x00000000a5a00000, 0x00000000e0900000)
  object space 65536K, 10% used [0x00000000a1a00000,0x00000000a20f14a0,0x00000000a5a00000)
 Metaspace       used 20502K, capacity 21086K, committed 21248K, reserved 1067008K
  class space    used 2772K, capacity 2948K, committed 3072K, reserved 1048576K
Event: 3.263 GC heap after
Heap after GC invocations=5 (full 0):
 PSYoungGen      total 53248K, used 4064K [0x00000000e0900000, 0x00000000e7900000, 0x0000000100000000)
  eden space 49152K, 0% used [0x00000000e0900000,0x00000000e0900000,0x00000000e3900000)
  from space 4096K, 99% used [0x00000000e3900000,0x00000000e3cf8030,0x00000000e3d00000)
  to   space 8192K, 0% used [0x00000000e7100000,0x00000000e7100000,0x00000000e7900000)
 ParOldGen       total 65536K, used 8339K [0x00000000a1a00000, 0x00000000a5a00000, 0x00000000e0900000)
  object space 65536K, 12% used [0x00000000a1a00000,0x00000000a2224e90,0x00000000a5a00000)
 Metaspace       used 20502K, capacity 21086K, committed 21248K, reserved 1067008K
  class space    used 2772K, capacity 2948K, committed 3072K, reserved 1048576K
}
Event: 3.263 GC heap before
{Heap before GC invocations=6 (full 1):
 PSYoungGen      total 53248K, used 4064K [0x00000000e0900000, 0x00000000e7900000, 0x0000000100000000)
  eden space 49152K, 0% used [0x00000000e0900000,0x00000000e0900000,0x00000000e3900000)
  from space 4096K, 99% used [0x00000000e3900000,0x00000000e3cf8030,0x00000000e3d00000)
  to   space 8192K, 0% used [0x00000000e7100000,0x00000000e7100000,0x00000000e7900000)
 ParOldGen       total 65536K, used 8339K [0x00000000a1a00000, 0x00000000a5a00000, 0x00000000e0900000)
  object space 65536K, 12% used [0x00000000a1a00000,0x00000000a2224e90,0x00000000a5a00000)
 Metaspace       used 20502K, capacity 21086K, committed 21248K, reserved 1067008K
  class space    used 2772K, capacity 2948K, committed 3072K, reserved 1048576K
Event: 3.318 GC heap after
Heap after GC invocations=6 (full 1):
 PSYoungGen      total 53248K, used 0K [0x00000000e0900000, 0x00000000e7900000, 0x0000000100000000)
  eden space 49152K, 0% used [0x00000000e0900000,0x00000000e0900000,0x00000000e3900000)
  from space 4096K, 0% used [0x00000000e3900000,0x00000000e3900000,0x00000000e3d00000)
  to   space 8192K, 0% used [0x00000000e7100000,0x00000000e7100000,0x00000000e7900000)
 ParOldGen       total 41984K, used 5781K [0x00000000a1a00000, 0x00000000a4300000, 0x00000000e0900000)
  object space 41984K, 13% used [0x00000000a1a00000,0x00000000a1fa55e8,0x00000000a4300000)
 Metaspace       used 20500K, capacity 21080K, committed 21248K, reserved 1067008K
  class space    used 2771K, capacity 2947K, committed 3072K, reserved 1048576K
}
Event: 3.784 GC heap before
{Heap before GC invocations=7 (full 1):
 PSYoungGen      total 53248K, used 49152K [0x00000000e0900000, 0x00000000e7900000, 0x0000000100000000)
  eden space 49152K, 100% used [0x00000000e0900000,0x00000000e3900000,0x00000000e3900000)
  from space 4096K, 0% used [0x00000000e3900000,0x00000000e3900000,0x00000000e3d00000)
  to   space 8192K, 0% used [0x00000000e7100000,0x00000000e7100000,0x00000000e7900000)
 ParOldGen       total 41984K, used 5781K [0x00000000a1a00000, 0x00000000a4300000, 0x00000000e0900000)
  object space 41984K, 13% used [0x00000000a1a00000,0x00000000a1fa55e8,0x00000000a4300000)
 Metaspace       used 21974K, capacity 22828K, committed 23040K, reserved 1069056K
  class space    used 2995K, capacity 3212K, committed 3328K, reserved 1048576K
Event: 3.790 GC heap after
Heap after GC invocations=7 (full 1):
 PSYoungGen      total 85504K, used 4146K [0x00000000e0900000, 0x00000000e7580000, 0x0000000100000000)
  eden space 80896K, 0% used [0x00000000e0900000,0x00000000e0900000,0x00000000e5800000)
  from space 4608K, 89% used [0x00000000e7100000,0x00000000e750cb80,0x00000000e7580000)
  to   space 8192K, 0% used [0x00000000e6580000,0x00000000e6580000,0x00000000e6d80000)
 ParOldGen       total 41984K, used 5789K [0x00000000a1a00000, 0x00000000a4300000, 0x00000000e0900000)
  object space 41984K, 13% used [0x00000000a1a00000,0x00000000a1fa75e8,0x00000000a4300000)
 Metaspace       used 21974K, capacity 22828K, committed 23040K, reserved 1069056K
  class space    used 2995K, capacity 3212K, committed 3328K, reserved 1048576K
}
Event: 4.794 GC heap before
{Heap before GC invocations=8 (full 1):
 PSYoungGen      total 85504K, used 85042K [0x00000000e0900000, 0x00000000e7580000, 0x0000000100000000)
  eden space 80896K, 100% used [0x00000000e0900000,0x00000000e5800000,0x00000000e5800000)
  from space 4608K, 89% used [0x00000000e7100000,0x00000000e750cb80,0x00000000e7580000)
  to   space 8192K, 0% used [0x00000000e6580000,0x00000000e6580000,0x00000000e6d80000)
 ParOldGen       total 41984K, used 5789K [0x00000000a1a00000, 0x00000000a4300000, 0x00000000e0900000)
  object space 41984K, 13% used [0x00000000a1a00000,0x00000000a1fa75e8,0x00000000a4300000)
 Metaspace       used 28645K, capacity 29994K, committed 30336K, reserved 1075200K
  class space    used 3860K, capacity 4141K, committed 4224K, reserved 1048576K
Event: 4.806 GC heap after
Heap after GC invocations=8 (full 1):
 PSYoungGen      total 102912K, used 8181K [0x00000000e0900000, 0x00000000e9d00000, 0x0000000100000000)
  eden space 94720K, 0% used [0x00000000e0900000,0x00000000e0900000,0x00000000e6580000)
  from space 8192K, 99% used [0x00000000e6580000,0x00000000e6d7d6e0,0x00000000e6d80000)
  to   space 10752K, 0% used [0x00000000e9280000,0x00000000e9280000,0x00000000e9d00000)
 ParOldGen       total 41984K, used 9227K [0x00000000a1a00000, 0x00000000a4300000, 0x00000000e0900000)
  object space 41984K, 21% used [0x00000000a1a00000,0x00000000a2302d80,0x00000000a4300000)
 Metaspace       used 28645K, capacity 29994K, committed 30336K, reserved 1075200K
  class space    used 3860K, capacity 4141K, committed 4224K, reserved 1048576K
}
Event: 69.896 GC heap before
{Heap before GC invocations=9 (full 1):
 PSYoungGen      total 102912K, used 102901K [0x00000000e0900000, 0x00000000e9d00000, 0x0000000100000000)
  eden space 94720K, 100% used [0x00000000e0900000,0x00000000e6580000,0x00000000e6580000)
  from space 8192K, 99% used [0x00000000e6580000,0x00000000e6d7d6e0,0x00000000e6d80000)
  to   space 10752K, 0% used [0x00000000e9280000,0x00000000e9280000,0x00000000e9d00000)
 ParOldGen       total 41984K, used 9227K [0x00000000a1a00000, 0x00000000a4300000, 0x00000000e0900000)
  object space 41984K, 21% used [0x00000000a1a00000,0x00000000a2302d80,0x00000000a4300000)
 Metaspace       used 32553K, capacity 34400K, committed 34560K, reserved 1079296K
  class space    used 4406K, capacity 4738K, committed 4864K, reserved 1048576K
Event: 69.928 GC heap after
Heap after GC invocations=9 (full 1):
 PSYoungGen      total 137728K, used 10724K [0x00000000e0900000, 0x00000000eb280000, 0x0000000100000000)
  eden space 126976K, 0% used [0x00000000e0900000,0x00000000e0900000,0x00000000e8500000)
  from space 10752K, 99% used [0x00000000e9280000,0x00000000e9cf9070,0x00000000e9d00000)
  to   space 13824K, 0% used [0x00000000e8500000,0x00000000e8500000,0x00000000e9280000)
 ParOldGen       total 41984K, used 12736K [0x00000000a1a00000, 0x00000000a4300000, 0x00000000e0900000)
  object space 41984K, 30% used [0x00000000a1a00000,0x00000000a2670120,0x00000000a4300000)
 Metaspace       used 32553K, capacity 34400K, committed 34560K, reserved 1079296K
  class space    used 4406K, capacity 4738K, committed 4864K, reserved 1048576K
}

